d:\myproject\vs2015\c_sharp\chapter_12_0403\win32project1\debug\vc140.pdb
d:\myproject\vs2015\c_sharp\chapter_12_0403\win32project1\debug\vc140.idb
d:\myproject\vs2015\c_sharp\chapter_12_0403\win32project1\debug\main.obj
d:\myproject\vs2015\dx\win32project1\debug\vc140.pdb
d:\myproject\vs2015\dx\win32project1\debug\vc140.idb
d:\myproject\vs2015\dx\win32project1\debug\main.obj
d:\myproject\vs2015\dx\dx_0425\debug\vc140.pdb
d:\myproject\vs2015\dx\dx_0425\debug\vc140.idb
d:\myproject\vs2015\dx\dx_0425\debug\main.obj
d:\myproject\vs2015\dx\dx_0425_ウィンドウサイズの固定\debug\vc140.pdb
d:\myproject\vs2015\dx\dx_0425_ウィンドウサイズの固定\debug\vc140.idb
d:\myproject\vs2015\dx\dx_0425_ウィンドウサイズの固定\debug\main.obj
d:\myproject\vs2015\dx\dx_0509_dx初期化\debug\vc140.pdb
d:\myproject\vs2015\dx\dx_0509_dx初期化\debug\vc140.idb
d:\myproject\vs2015\dx\dx_0509_dx初期化\debug\main.obj
d:\myproject\vs2015\c_sharp\chapter_12_0403\win32project1\debug\win32project1.ilk
d:\myproject\vs2015\c_sharp\chapter_12_0403\win32project1\debug\win32project1.exe
d:\myproject\vs2015\c_sharp\chapter_12_0403\win32project1\debug\win32project1.pdb
d:\myproject\vs2015\dx\win32project1\debug\win32project1.ilk
d:\myproject\vs2015\dx\win32project1\debug\win32project1.exe
d:\myproject\vs2015\dx\win32project1\debug\win32project1.pdb
d:\myproject\vs2015\dx\dx_0425\debug\win32project1.ilk
d:\myproject\vs2015\dx\dx_0425\debug\win32project1.exe
d:\myproject\vs2015\dx\dx_0425\debug\win32project1.pdb
d:\myproject\vs2015\dx\dx_0425_ウィンドウサイズの固定\debug\win32project1.ilk
d:\myproject\vs2015\dx\dx_0425_ウィンドウサイズの固定\debug\win32project1.exe
d:\myproject\vs2015\dx\dx_0425_ウィンドウサイズの固定\debug\win32project1.pdb
d:\myproject\vs2015\dx\dx_0509_dx初期化\debug\win32project1.ilk
d:\myproject\vs2015\dx\dx_0509_dx初期化\debug\win32project1.exe
d:\myproject\vs2015\dx\dx_0509_dx初期化\debug\win32project1.pdb
d:\myproject\vs2015\dx\dx_0509_dx初期化\debug\win32project1.tlog\cl.command.1.tlog
d:\myproject\vs2015\dx\dx_0509_dx初期化\debug\win32project1.tlog\cl.read.1.tlog
d:\myproject\vs2015\dx\dx_0509_dx初期化\debug\win32project1.tlog\cl.write.1.tlog
d:\myproject\vs2015\dx\dx_0509_dx初期化\debug\win32project1.tlog\link.command.1.tlog
d:\myproject\vs2015\dx\dx_0509_dx初期化\debug\win32project1.tlog\link.read.1.tlog
d:\myproject\vs2015\dx\dx_0509_dx初期化\debug\win32project1.tlog\link.write.1.tlog
